<?xml version="1.0" encoding="UTF-8"?>
<!-- Generated by org.testng.reporters.JUnitReportReporter -->
<testsuite skipped="0" hostname="Seachange-PC" name="purchase_Admin.ItemCategoryTest" tests="4" failures="0" timestamp="28 Jun 2017 06:37:51 GMT" time="128.962" errors="0">
  <testcase name="ItemCategory" time="2.652" classname="purchase_Admin.ItemCategoryTest"/>
  <testcase name="AddNewCategory" time="65.249" classname="purchase_Admin.ItemCategoryTest"/>
  <testcase name="EditNewCategory" time="35.912" classname="purchase_Admin.ItemCategoryTest"/>
  <testcase name="DeleteCategory" time="25.149" classname="purchase_Admin.ItemCategoryTest"/>
</testsuite> <!-- purchase_Admin.ItemCategoryTest -->
