<?xml version="1.0" encoding="UTF-8"?>
<!-- Generated by org.testng.reporters.JUnitReportReporter -->
<testsuite skipped="0" hostname="Seachange-PC" name="purchase_Admin.PurchaseQuestionnaireTest" tests="5" failures="0" timestamp="28 Jun 2017 09:31:46 GMT" time="89.892" errors="0">
  <testcase name="PurchaseQuestionnaire" time="2.881" classname="purchase_Admin.PurchaseQuestionnaireTest"/>
  <testcase name="AddNewQuestion" time="40.484" classname="purchase_Admin.PurchaseQuestionnaireTest"/>
  <testcase name="DeleteNewQuestion" time="11.355" classname="purchase_Admin.PurchaseQuestionnaireTest"/>
  <testcase name="AddNewGrade" time="32.044" classname="purchase_Admin.PurchaseQuestionnaireTest"/>
  <testcase name="DeleteAddedNewGrade" time="3.128" classname="purchase_Admin.PurchaseQuestionnaireTest"/>
</testsuite> <!-- purchase_Admin.PurchaseQuestionnaireTest -->
