<?xml version="1.0" encoding="UTF-8"?>
<!-- Generated by org.testng.reporters.JUnitReportReporter -->
<testsuite skipped="0" hostname="Seachange-PC" name="purchase_Admin.Function_DepartmentTest" tests="4" failures="0" timestamp="28 Jun 2017 06:10:53 GMT" time="100.031" errors="0">
  <testcase name="FunctionDepartment" time="2.760" classname="purchase_Admin.Function_DepartmentTest"/>
  <testcase name="AddFunctionDepartment" time="40.436" classname="purchase_Admin.Function_DepartmentTest"/>
  <testcase name="EditFunctionDepartment" time="28.867" classname="purchase_Admin.Function_DepartmentTest"/>
  <testcase name="DeleteFunctionDepartment" time="27.968" classname="purchase_Admin.Function_DepartmentTest"/>
</testsuite> <!-- purchase_Admin.Function_DepartmentTest -->
