<?xml version="1.0" encoding="UTF-8"?>
<!-- Generated by org.testng.reporters.JUnitReportReporter -->
<testsuite skipped="0" hostname="Seachange-PC" name="purchase_Admin.UnitPackingsTest" tests="4" failures="0" timestamp="28 Jun 2017 04:18:47 GMT" time="101.187" errors="0">
  <testcase name="UnitPacking" time="3.056" classname="purchase_Admin.UnitPackingsTest"/>
  <testcase name="AddUnitPacking" time="40.132" classname="purchase_Admin.UnitPackingsTest"/>
  <testcase name="EditUnitPacking" time="24.765" classname="purchase_Admin.UnitPackingsTest"/>
  <testcase name="DeletetUnitPacking" time="33.234" classname="purchase_Admin.UnitPackingsTest"/>
</testsuite> <!-- purchase_Admin.UnitPackingsTest -->
