<?xml version="1.0" encoding="UTF-8"?>
<!-- Generated by org.testng.reporters.JUnitReportReporter -->
<testsuite skipped="0" hostname="Seachange-PC" name="purchase_Admin.UnitPackingsTest" tests="4" failures="0" timestamp="27 Jun 2017 06:07:51 GMT" time="102.041" errors="0">
  <testcase name="UnitPacking" time="3.692" classname="purchase_Admin.UnitPackingsTest"/>
  <testcase name="AddUnitPacking" time="40.313" classname="purchase_Admin.UnitPackingsTest"/>
  <testcase name="EditUnitPacking" time="24.790" classname="purchase_Admin.UnitPackingsTest"/>
  <testcase name="DeletetUnitPacking" time="33.246" classname="purchase_Admin.UnitPackingsTest"/>
</testsuite> <!-- purchase_Admin.UnitPackingsTest -->
