<?xml version="1.0" encoding="UTF-8"?>
<!-- Generated by org.testng.reporters.JUnitReportReporter -->
<testsuite skipped="0" hostname="Seachange-PC" name="purchase_Admin.LOTestingLabListTest" tests="4" failures="0" timestamp="27 Jun 2017 08:54:54 GMT" time="66.995" errors="0">
  <testcase name="TestingLabList" time="3.319" classname="purchase_Admin.LOTestingLabListTest"/>
  <testcase name="AddNewLab" time="39.721" classname="purchase_Admin.LOTestingLabListTest"/>
  <testcase name="EditLab" time="12.432" classname="purchase_Admin.LOTestingLabListTest"/>
  <testcase name="DeleteLab" time="11.523" classname="purchase_Admin.LOTestingLabListTest"/>
</testsuite> <!-- purchase_Admin.LOTestingLabListTest -->
