<?xml version="1.0" encoding="UTF-8"?>
<!-- Generated by org.testng.reporters.JUnitReportReporter -->
<testsuite skipped="0" hostname="Seachange-PC" name="purchase_Admin.SetItemsMinMaxQtysTest" tests="2" failures="0" timestamp="28 Jun 2017 09:16:59 GMT" time="75.841" errors="0">
  <testcase name="MinMaxQuantity" time="3.898" classname="purchase_Admin.SetItemsMinMaxQtysTest"/>
  <testcase name="CatalogueItem" time="71.943" classname="purchase_Admin.SetItemsMinMaxQtysTest"/>
</testsuite> <!-- purchase_Admin.SetItemsMinMaxQtysTest -->
